2024-10-11 21:25:36,946 - DEBUG - Selected output directory: C:/Users/stupxd/AppData/Roaming/Balatro/Mods/sus_doc/assets/1x
2024-10-11 21:25:41,414 - DEBUG - Selected input image: C:/Users/stupxd/AppData/Roaming/Balatro/Mods/sus_doc/assets/2x/sus_drs_clubs_1.png
2024-10-11 21:25:42,744 - DEBUG - Starting upscaling with input image: C:/Users/stupxd/AppData/Roaming/Balatro/Mods/sus_doc/assets/2x/sus_drs_clubs_1.png, output directory: C:/Users/stupxd/AppData/Roaming/Balatro/Mods/sus_doc/assets/1x, scale factor: 0.5
2024-10-11 21:25:42,760 - DEBUG - STREAM b'IHDR' 16 13
2024-10-11 21:25:42,760 - DEBUG - STREAM b'sRGB' 41 1
2024-10-11 21:25:42,762 - DEBUG - STREAM b'gAMA' 54 4
2024-10-11 21:25:42,762 - DEBUG - STREAM b'pHYs' 70 9
2024-10-11 21:25:42,762 - DEBUG - STREAM b'IDAT' 91 45217
2024-10-11 21:25:42,762 - DEBUG - Resizing image to new size: (213, 95)
2024-10-11 21:25:42,765 - INFO - Image saved to C:/Users/stupxd/AppData/Roaming/Balatro/Mods/sus_doc/assets/1x\sus_drs_clubs_1.png
2024-10-11 21:25:48,040 - DEBUG - Selected input image: C:/Users/stupxd/AppData/Roaming/Balatro/Mods/sus_doc/assets/2x/sus_drs_clubs_2.png
2024-10-11 21:25:48,721 - DEBUG - Starting upscaling with input image: C:/Users/stupxd/AppData/Roaming/Balatro/Mods/sus_doc/assets/2x/sus_drs_clubs_2.png, output directory: C:/Users/stupxd/AppData/Roaming/Balatro/Mods/sus_doc/assets/1x, scale factor: 0.5
2024-10-11 21:25:48,726 - DEBUG - STREAM b'IHDR' 16 13
2024-10-11 21:25:48,726 - DEBUG - STREAM b'sRGB' 41 1
2024-10-11 21:25:48,726 - DEBUG - STREAM b'gAMA' 54 4
2024-10-11 21:25:48,726 - DEBUG - STREAM b'pHYs' 70 9
2024-10-11 21:25:48,726 - DEBUG - STREAM b'IDAT' 91 45339
2024-10-11 21:25:48,726 - DEBUG - Resizing image to new size: (213, 95)
2024-10-11 21:25:48,731 - INFO - Image saved to C:/Users/stupxd/AppData/Roaming/Balatro/Mods/sus_doc/assets/1x\sus_drs_clubs_2.png
2024-10-11 21:25:51,462 - DEBUG - Selected input image: C:/Users/stupxd/AppData/Roaming/Balatro/Mods/sus_doc/assets/2x/sus_drs_diamonds_1.png
2024-10-11 21:25:51,910 - DEBUG - Starting upscaling with input image: C:/Users/stupxd/AppData/Roaming/Balatro/Mods/sus_doc/assets/2x/sus_drs_diamonds_1.png, output directory: C:/Users/stupxd/AppData/Roaming/Balatro/Mods/sus_doc/assets/1x, scale factor: 0.5
2024-10-11 21:25:51,914 - DEBUG - STREAM b'IHDR' 16 13
2024-10-11 21:25:51,915 - DEBUG - STREAM b'sRGB' 41 1
2024-10-11 21:25:51,915 - DEBUG - STREAM b'gAMA' 54 4
2024-10-11 21:25:51,915 - DEBUG - STREAM b'pHYs' 70 9
2024-10-11 21:25:51,915 - DEBUG - STREAM b'IDAT' 91 45166
2024-10-11 21:25:51,915 - DEBUG - Resizing image to new size: (213, 95)
2024-10-11 21:25:51,919 - INFO - Image saved to C:/Users/stupxd/AppData/Roaming/Balatro/Mods/sus_doc/assets/1x\sus_drs_diamonds_1.png
2024-10-11 21:25:54,962 - DEBUG - Selected input image: C:/Users/stupxd/AppData/Roaming/Balatro/Mods/sus_doc/assets/2x/sus_drs_diamonds_2.png
2024-10-11 21:25:55,309 - DEBUG - Starting upscaling with input image: C:/Users/stupxd/AppData/Roaming/Balatro/Mods/sus_doc/assets/2x/sus_drs_diamonds_2.png, output directory: C:/Users/stupxd/AppData/Roaming/Balatro/Mods/sus_doc/assets/1x, scale factor: 0.5
2024-10-11 21:25:55,313 - DEBUG - STREAM b'IHDR' 16 13
2024-10-11 21:25:55,314 - DEBUG - STREAM b'sRGB' 41 1
2024-10-11 21:25:55,314 - DEBUG - STREAM b'gAMA' 54 4
2024-10-11 21:25:55,314 - DEBUG - STREAM b'pHYs' 70 9
2024-10-11 21:25:55,314 - DEBUG - STREAM b'IDAT' 91 44959
2024-10-11 21:25:55,314 - DEBUG - Resizing image to new size: (213, 95)
2024-10-11 21:25:55,319 - INFO - Image saved to C:/Users/stupxd/AppData/Roaming/Balatro/Mods/sus_doc/assets/1x\sus_drs_diamonds_2.png
2024-10-11 21:25:58,821 - DEBUG - Selected input image: C:/Users/stupxd/AppData/Roaming/Balatro/Mods/sus_doc/assets/2x/sus_drs_hearts_1.png
2024-10-11 21:25:59,928 - DEBUG - Starting upscaling with input image: C:/Users/stupxd/AppData/Roaming/Balatro/Mods/sus_doc/assets/2x/sus_drs_hearts_1.png, output directory: C:/Users/stupxd/AppData/Roaming/Balatro/Mods/sus_doc/assets/1x, scale factor: 0.5
2024-10-11 21:25:59,932 - DEBUG - STREAM b'IHDR' 16 13
2024-10-11 21:25:59,933 - DEBUG - STREAM b'sRGB' 41 1
2024-10-11 21:25:59,933 - DEBUG - STREAM b'gAMA' 54 4
2024-10-11 21:25:59,933 - DEBUG - STREAM b'pHYs' 70 9
2024-10-11 21:25:59,933 - DEBUG - STREAM b'IDAT' 91 46509
2024-10-11 21:25:59,933 - DEBUG - Resizing image to new size: (213, 95)
2024-10-11 21:25:59,936 - INFO - Image saved to C:/Users/stupxd/AppData/Roaming/Balatro/Mods/sus_doc/assets/1x\sus_drs_hearts_1.png
2024-10-11 21:26:02,227 - DEBUG - Selected input image: C:/Users/stupxd/AppData/Roaming/Balatro/Mods/sus_doc/assets/2x/sus_drs_hearts_2.png
2024-10-11 21:26:02,759 - DEBUG - Starting upscaling with input image: C:/Users/stupxd/AppData/Roaming/Balatro/Mods/sus_doc/assets/2x/sus_drs_hearts_2.png, output directory: C:/Users/stupxd/AppData/Roaming/Balatro/Mods/sus_doc/assets/1x, scale factor: 0.5
2024-10-11 21:26:02,764 - DEBUG - STREAM b'IHDR' 16 13
2024-10-11 21:26:02,764 - DEBUG - STREAM b'sRGB' 41 1
2024-10-11 21:26:02,764 - DEBUG - STREAM b'gAMA' 54 4
2024-10-11 21:26:02,764 - DEBUG - STREAM b'pHYs' 70 9
2024-10-11 21:26:02,764 - DEBUG - STREAM b'IDAT' 91 46509
2024-10-11 21:26:02,764 - DEBUG - Resizing image to new size: (213, 95)
2024-10-11 21:26:02,768 - INFO - Image saved to C:/Users/stupxd/AppData/Roaming/Balatro/Mods/sus_doc/assets/1x\sus_drs_hearts_2.png
2024-10-11 21:26:05,227 - DEBUG - Selected input image: C:/Users/stupxd/AppData/Roaming/Balatro/Mods/sus_doc/assets/2x/sus_drs_spades_1.png
2024-10-11 21:26:05,972 - DEBUG - Starting upscaling with input image: C:/Users/stupxd/AppData/Roaming/Balatro/Mods/sus_doc/assets/2x/sus_drs_spades_1.png, output directory: C:/Users/stupxd/AppData/Roaming/Balatro/Mods/sus_doc/assets/1x, scale factor: 0.5
2024-10-11 21:26:05,977 - DEBUG - STREAM b'IHDR' 16 13
2024-10-11 21:26:05,977 - DEBUG - STREAM b'sRGB' 41 1
2024-10-11 21:26:05,977 - DEBUG - STREAM b'gAMA' 54 4
2024-10-11 21:26:05,977 - DEBUG - STREAM b'pHYs' 70 9
2024-10-11 21:26:05,977 - DEBUG - STREAM b'IDAT' 91 45192
2024-10-11 21:26:05,977 - DEBUG - Resizing image to new size: (213, 95)
2024-10-11 21:26:05,982 - INFO - Image saved to C:/Users/stupxd/AppData/Roaming/Balatro/Mods/sus_doc/assets/1x\sus_drs_spades_1.png
2024-10-11 21:26:08,336 - DEBUG - Selected input image: C:/Users/stupxd/AppData/Roaming/Balatro/Mods/sus_doc/assets/2x/sus_drs_spades_2.png
2024-10-11 21:26:09,104 - DEBUG - Starting upscaling with input image: C:/Users/stupxd/AppData/Roaming/Balatro/Mods/sus_doc/assets/2x/sus_drs_spades_2.png, output directory: C:/Users/stupxd/AppData/Roaming/Balatro/Mods/sus_doc/assets/1x, scale factor: 0.5
2024-10-11 21:26:09,109 - DEBUG - STREAM b'IHDR' 16 13
2024-10-11 21:26:09,109 - DEBUG - STREAM b'sRGB' 41 1
2024-10-11 21:26:09,109 - DEBUG - STREAM b'gAMA' 54 4
2024-10-11 21:26:09,109 - DEBUG - STREAM b'pHYs' 70 9
2024-10-11 21:26:09,109 - DEBUG - STREAM b'IDAT' 91 45379
2024-10-11 21:26:09,109 - DEBUG - Resizing image to new size: (213, 95)
2024-10-11 21:26:09,115 - INFO - Image saved to C:/Users/stupxd/AppData/Roaming/Balatro/Mods/sus_doc/assets/1x\sus_drs_spades_2.png
